2020-01-12 21:35:04,067 [Worker-0: Loading available Gradle versions] INFO  o.e.b.c.i.u.g.PublishedGradleVersions - Gradle version information cache is out-of-date. Trying to update.
2020-02-13 12:05:15,152 [Worker-5: Loading available Gradle versions] INFO  o.e.b.c.i.u.g.PublishedGradleVersions - Gradle version information cache is out-of-date. Trying to update.
2020-03-21 19:15:26,143 [Worker-7: Loading available Gradle versions] INFO  o.e.b.c.i.u.g.PublishedGradleVersions - Gradle version information cache is out-of-date. Trying to update.
2020-03-24 18:42:12,557 [Worker-0: Loading available Gradle versions] INFO  o.e.b.c.i.u.g.PublishedGradleVersions - Gradle version information cache is out-of-date. Trying to update.
2020-04-10 18:41:48,662 [Worker-7: Loading available Gradle versions] INFO  o.e.b.c.i.u.g.PublishedGradleVersions - Gradle version information cache is out-of-date. Trying to update.
2020-04-11 23:48:08,304 [Worker-4: Loading available Gradle versions] INFO  o.e.b.c.i.u.g.PublishedGradleVersions - Gradle version information cache is out-of-date. Trying to update.
2020-04-20 18:58:15,759 [Worker-4: Loading available Gradle versions] INFO  o.e.b.c.i.u.g.PublishedGradleVersions - Gradle version information cache is out-of-date. Trying to update.
2020-04-20 19:02:30,565 [Worker-3: Loading available Gradle versions] INFO  o.e.b.c.i.u.g.PublishedGradleVersions - Gradle version information cache is up-to-date. Trying to read.
2020-04-29 19:57:24,814 [Worker-7: Loading available Gradle versions] INFO  o.e.b.c.i.u.g.PublishedGradleVersions - Gradle version information cache is up-to-date. Trying to read.
2020-04-29 20:02:31,520 [Worker-1: Loading available Gradle versions] INFO  o.e.b.c.i.u.g.PublishedGradleVersions - Gradle version information cache is up-to-date. Trying to read.
2020-04-29 20:05:16,281 [Worker-1: Loading available Gradle versions] INFO  o.e.b.c.i.u.g.PublishedGradleVersions - Gradle version information cache is up-to-date. Trying to read.
2020-04-29 20:13:04,673 [Worker-17: Cloning from https://github.com/k49019219/semi_earpearp.git] WARN  org.eclipse.jgit.util.FS - /Volumes/Samsung_T3/PROGRAMMING/Project_KH/semi_earpearp/.probe-d88bdd3e-e0a3-4f8e-98fe-15f78e6110db
java.nio.file.NoSuchFileException: /Volumes/Samsung_T3/PROGRAMMING/Project_KH/semi_earpearp/.probe-d88bdd3e-e0a3-4f8e-98fe-15f78e6110db
	at sun.nio.fs.UnixException.translateToIOException(UnixException.java:86) ~[na:1.8.0_221]
	at sun.nio.fs.UnixException.rethrowAsIOException(UnixException.java:102) ~[na:1.8.0_221]
	at sun.nio.fs.UnixException.rethrowAsIOException(UnixException.java:107) ~[na:1.8.0_221]
	at sun.nio.fs.UnixFileSystemProvider.implDelete(UnixFileSystemProvider.java:244) ~[na:1.8.0_221]
	at sun.nio.fs.AbstractFileSystemProvider.delete(AbstractFileSystemProvider.java:103) ~[na:1.8.0_221]
	at java.nio.file.Files.delete(Files.java:1126) ~[na:1.8.0_221]
	at org.eclipse.jgit.util.FS$FileStoreAttributeCache.<init>(FS.java:253) ~[org.eclipse.jgit_5.4.0.201906121030-r.jar:5.4.0.201906121030-r]
	at org.eclipse.jgit.util.FS$FileStoreAttributeCache.getFsTimestampResolution(FS.java:211) ~[org.eclipse.jgit_5.4.0.201906121030-r.jar:5.4.0.201906121030-r]
	at org.eclipse.jgit.util.FS.getFsTimerResolution(FS.java:321) [org.eclipse.jgit_5.4.0.201906121030-r.jar:5.4.0.201906121030-r]
	at org.eclipse.jgit.internal.storage.file.FileSnapshot.<init>(FileSnapshot.java:186) [org.eclipse.jgit_5.4.0.201906121030-r.jar:5.4.0.201906121030-r]
	at org.eclipse.jgit.internal.storage.file.FileSnapshot.save(FileSnapshot.java:122) [org.eclipse.jgit_5.4.0.201906121030-r.jar:5.4.0.201906121030-r]
	at org.eclipse.jgit.storage.file.FileBasedConfig.load(FileBasedConfig.java:156) [org.eclipse.jgit_5.4.0.201906121030-r.jar:5.4.0.201906121030-r]
	at org.eclipse.jgit.internal.storage.file.FileRepository.loadRepoConfig(FileRepository.java:267) [org.eclipse.jgit_5.4.0.201906121030-r.jar:5.4.0.201906121030-r]
	at org.eclipse.jgit.internal.storage.file.FileRepository.<init>(FileRepository.java:205) [org.eclipse.jgit_5.4.0.201906121030-r.jar:5.4.0.201906121030-r]
	at org.eclipse.jgit.lib.BaseRepositoryBuilder.build(BaseRepositoryBuilder.java:612) [org.eclipse.jgit_5.4.0.201906121030-r.jar:5.4.0.201906121030-r]
	at org.eclipse.jgit.api.InitCommand.call(InitCommand.java:123) [org.eclipse.jgit_5.4.0.201906121030-r.jar:5.4.0.201906121030-r]
	at org.eclipse.jgit.api.CloneCommand.init(CloneCommand.java:274) [org.eclipse.jgit_5.4.0.201906121030-r.jar:5.4.0.201906121030-r]
	at org.eclipse.jgit.api.CloneCommand.call(CloneCommand.java:195) [org.eclipse.jgit_5.4.0.201906121030-r.jar:5.4.0.201906121030-r]
	at org.eclipse.egit.core.op.CloneOperation.run(CloneOperation.java:180) [org.eclipse.egit.core_5.4.0.201906121030-r.jar:na]
	at org.eclipse.egit.ui.internal.clone.AbstractGitCloneWizard.executeCloneOperation(AbstractGitCloneWizard.java:484) [org.eclipse.egit.ui_5.4.0.201906121030-r.jar:na]
	at org.eclipse.egit.ui.internal.clone.AbstractGitCloneWizard.access$2(AbstractGitCloneWizard.java:477) [org.eclipse.egit.ui_5.4.0.201906121030-r.jar:na]
	at org.eclipse.egit.ui.internal.clone.AbstractGitCloneWizard$6.run(AbstractGitCloneWizard.java:456) [org.eclipse.egit.ui_5.4.0.201906121030-r.jar:na]
	at org.eclipse.core.internal.jobs.Worker.run(Worker.java:63) [org.eclipse.core.jobs_3.10.400.v20190506-1457.jar:na]
2020-04-29 20:15:36,420 [Worker-17: Cloning from https://github.com/k49019219/semi_earpearp.git] WARN  org.eclipse.jgit.util.FS - /Volumes/Samsung_T3/PROGRAMMING/Project_KH/semi_earpearp/.git/.probe-e9bb0727-a503-40b3-8042-7d4f1241e2c0
java.nio.file.NoSuchFileException: /Volumes/Samsung_T3/PROGRAMMING/Project_KH/semi_earpearp/.git/.probe-e9bb0727-a503-40b3-8042-7d4f1241e2c0
	at sun.nio.fs.UnixException.translateToIOException(UnixException.java:86) ~[na:1.8.0_221]
	at sun.nio.fs.UnixException.rethrowAsIOException(UnixException.java:102) ~[na:1.8.0_221]
	at sun.nio.fs.UnixException.rethrowAsIOException(UnixException.java:107) ~[na:1.8.0_221]
	at sun.nio.fs.UnixFileSystemProvider.implDelete(UnixFileSystemProvider.java:244) ~[na:1.8.0_221]
	at sun.nio.fs.AbstractFileSystemProvider.delete(AbstractFileSystemProvider.java:103) ~[na:1.8.0_221]
	at java.nio.file.Files.delete(Files.java:1126) ~[na:1.8.0_221]
	at org.eclipse.jgit.util.FS$FileStoreAttributeCache.<init>(FS.java:253) ~[org.eclipse.jgit_5.4.0.201906121030-r.jar:5.4.0.201906121030-r]
	at org.eclipse.jgit.util.FS$FileStoreAttributeCache.getFsTimestampResolution(FS.java:211) ~[org.eclipse.jgit_5.4.0.201906121030-r.jar:5.4.0.201906121030-r]
	at org.eclipse.jgit.util.FS.getFsTimerResolution(FS.java:321) [org.eclipse.jgit_5.4.0.201906121030-r.jar:5.4.0.201906121030-r]
	at org.eclipse.jgit.internal.storage.file.FileSnapshot.<init>(FileSnapshot.java:186) [org.eclipse.jgit_5.4.0.201906121030-r.jar:5.4.0.201906121030-r]
	at org.eclipse.jgit.internal.storage.file.FileSnapshot.save(FileSnapshot.java:122) [org.eclipse.jgit_5.4.0.201906121030-r.jar:5.4.0.201906121030-r]
	at org.eclipse.jgit.internal.storage.file.RefDirectory.scanRef(RefDirectory.java:1155) [org.eclipse.jgit_5.4.0.201906121030-r.jar:5.4.0.201906121030-r]
	at org.eclipse.jgit.internal.storage.file.RefDirectory.readRef(RefDirectory.java:1125) [org.eclipse.jgit_5.4.0.201906121030-r.jar:5.4.0.201906121030-r]
	at org.eclipse.jgit.internal.storage.file.RefDirectory.newUpdate(RefDirectory.java:624) [org.eclipse.jgit_5.4.0.201906121030-r.jar:5.4.0.201906121030-r]
	at org.eclipse.jgit.internal.storage.file.RefDirectory.newUpdate(RefDirectory.java:1) [org.eclipse.jgit_5.4.0.201906121030-r.jar:5.4.0.201906121030-r]
	at org.eclipse.jgit.lib.Repository.updateRef(Repository.java:427) [org.eclipse.jgit_5.4.0.201906121030-r.jar:5.4.0.201906121030-r]
	at org.eclipse.jgit.lib.Repository.updateRef(Repository.java:408) [org.eclipse.jgit_5.4.0.201906121030-r.jar:5.4.0.201906121030-r]
	at org.eclipse.jgit.internal.storage.file.FileRepository.create(FileRepository.java:300) [org.eclipse.jgit_5.4.0.201906121030-r.jar:5.4.0.201906121030-r]
	at org.eclipse.jgit.api.InitCommand.call(InitCommand.java:125) [org.eclipse.jgit_5.4.0.201906121030-r.jar:5.4.0.201906121030-r]
	at org.eclipse.jgit.api.CloneCommand.init(CloneCommand.java:274) [org.eclipse.jgit_5.4.0.201906121030-r.jar:5.4.0.201906121030-r]
	at org.eclipse.jgit.api.CloneCommand.call(CloneCommand.java:195) [org.eclipse.jgit_5.4.0.201906121030-r.jar:5.4.0.201906121030-r]
	at org.eclipse.egit.core.op.CloneOperation.run(CloneOperation.java:180) [org.eclipse.egit.core_5.4.0.201906121030-r.jar:na]
	at org.eclipse.egit.ui.internal.clone.AbstractGitCloneWizard.executeCloneOperation(AbstractGitCloneWizard.java:484) [org.eclipse.egit.ui_5.4.0.201906121030-r.jar:na]
	at org.eclipse.egit.ui.internal.clone.AbstractGitCloneWizard.access$2(AbstractGitCloneWizard.java:477) [org.eclipse.egit.ui_5.4.0.201906121030-r.jar:na]
	at org.eclipse.egit.ui.internal.clone.AbstractGitCloneWizard$6.run(AbstractGitCloneWizard.java:456) [org.eclipse.egit.ui_5.4.0.201906121030-r.jar:na]
	at org.eclipse.core.internal.jobs.Worker.run(Worker.java:63) [org.eclipse.core.jobs_3.10.400.v20190506-1457.jar:na]
2020-04-29 20:15:40,317 [Worker-17: Cloning from https://github.com/k49019219/semi_earpearp.git] WARN  org.eclipse.jgit.util.FS - /Volumes/Samsung_T3/PROGRAMMING/Project_KH/semi_earpearp/.git/.probe-388a0554-e449-4e20-bcbf-e3b4f9d9d438
java.nio.file.NoSuchFileException: /Volumes/Samsung_T3/PROGRAMMING/Project_KH/semi_earpearp/.git/.probe-388a0554-e449-4e20-bcbf-e3b4f9d9d438
	at sun.nio.fs.UnixException.translateToIOException(UnixException.java:86) ~[na:1.8.0_221]
	at sun.nio.fs.UnixException.rethrowAsIOException(UnixException.java:102) ~[na:1.8.0_221]
	at sun.nio.fs.UnixException.rethrowAsIOException(UnixException.java:107) ~[na:1.8.0_221]
	at sun.nio.fs.UnixFileSystemProvider.implDelete(UnixFileSystemProvider.java:244) ~[na:1.8.0_221]
	at sun.nio.fs.AbstractFileSystemProvider.delete(AbstractFileSystemProvider.java:103) ~[na:1.8.0_221]
	at java.nio.file.Files.delete(Files.java:1126) ~[na:1.8.0_221]
	at org.eclipse.jgit.util.FS$FileStoreAttributeCache.<init>(FS.java:253) ~[org.eclipse.jgit_5.4.0.201906121030-r.jar:5.4.0.201906121030-r]
	at org.eclipse.jgit.util.FS$FileStoreAttributeCache.getFsTimestampResolution(FS.java:211) ~[org.eclipse.jgit_5.4.0.201906121030-r.jar:5.4.0.201906121030-r]
	at org.eclipse.jgit.util.FS.getFsTimerResolution(FS.java:321) [org.eclipse.jgit_5.4.0.201906121030-r.jar:5.4.0.201906121030-r]
	at org.eclipse.jgit.internal.storage.file.FileSnapshot.<init>(FileSnapshot.java:186) [org.eclipse.jgit_5.4.0.201906121030-r.jar:5.4.0.201906121030-r]
	at org.eclipse.jgit.internal.storage.file.FileSnapshot.save(FileSnapshot.java:122) [org.eclipse.jgit_5.4.0.201906121030-r.jar:5.4.0.201906121030-r]
	at org.eclipse.jgit.internal.storage.file.RefDirectory.scanRef(RefDirectory.java:1155) [org.eclipse.jgit_5.4.0.201906121030-r.jar:5.4.0.201906121030-r]
	at org.eclipse.jgit.internal.storage.file.RefDirectory.readRef(RefDirectory.java:1125) [org.eclipse.jgit_5.4.0.201906121030-r.jar:5.4.0.201906121030-r]
	at org.eclipse.jgit.internal.storage.file.RefDirectory.readAndResolve(RefDirectory.java:326) [org.eclipse.jgit_5.4.0.201906121030-r.jar:5.4.0.201906121030-r]
	at org.eclipse.jgit.internal.storage.file.RefDirectory.firstExactRef(RefDirectory.java:380) [org.eclipse.jgit_5.4.0.201906121030-r.jar:5.4.0.201906121030-r]
	at org.eclipse.jgit.lib.RefDatabase.findRef(RefDatabase.java:301) [org.eclipse.jgit_5.4.0.201906121030-r.jar:5.4.0.201906121030-r]
	at org.eclipse.jgit.internal.storage.file.RefDirectoryUpdate.tryLock(RefDirectoryUpdate.java:90) [org.eclipse.jgit_5.4.0.201906121030-r.jar:5.4.0.201906121030-r]
	at org.eclipse.jgit.lib.RefUpdate.link(RefUpdate.java:710) [org.eclipse.jgit_5.4.0.201906121030-r.jar:5.4.0.201906121030-r]
	at org.eclipse.jgit.internal.storage.file.FileRepository.create(FileRepository.java:302) [org.eclipse.jgit_5.4.0.201906121030-r.jar:5.4.0.201906121030-r]
	at org.eclipse.jgit.api.InitCommand.call(InitCommand.java:125) [org.eclipse.jgit_5.4.0.201906121030-r.jar:5.4.0.201906121030-r]
	at org.eclipse.jgit.api.CloneCommand.init(CloneCommand.java:274) [org.eclipse.jgit_5.4.0.201906121030-r.jar:5.4.0.201906121030-r]
	at org.eclipse.jgit.api.CloneCommand.call(CloneCommand.java:195) [org.eclipse.jgit_5.4.0.201906121030-r.jar:5.4.0.201906121030-r]
	at org.eclipse.egit.core.op.CloneOperation.run(CloneOperation.java:180) [org.eclipse.egit.core_5.4.0.201906121030-r.jar:na]
	at org.eclipse.egit.ui.internal.clone.AbstractGitCloneWizard.executeCloneOperation(AbstractGitCloneWizard.java:484) [org.eclipse.egit.ui_5.4.0.201906121030-r.jar:na]
	at org.eclipse.egit.ui.internal.clone.AbstractGitCloneWizard.access$2(AbstractGitCloneWizard.java:477) [org.eclipse.egit.ui_5.4.0.201906121030-r.jar:na]
	at org.eclipse.egit.ui.internal.clone.AbstractGitCloneWizard$6.run(AbstractGitCloneWizard.java:456) [org.eclipse.egit.ui_5.4.0.201906121030-r.jar:na]
	at org.eclipse.core.internal.jobs.Worker.run(Worker.java:63) [org.eclipse.core.jobs_3.10.400.v20190506-1457.jar:na]
2020-04-29 20:18:59,886 [Worker-17: Cloning from https://github.com/k49019219/semi_earpearp.git] WARN  org.eclipse.jgit.util.FS - /Volumes/Samsung_T3/PROGRAMMING/Project_KH/semi_earpearp/.probe-d1df1209-dd71-4cc0-8b34-899b98e5e620
java.nio.file.NoSuchFileException: /Volumes/Samsung_T3/PROGRAMMING/Project_KH/semi_earpearp/.probe-d1df1209-dd71-4cc0-8b34-899b98e5e620
	at sun.nio.fs.UnixException.translateToIOException(UnixException.java:86) ~[na:1.8.0_221]
	at sun.nio.fs.UnixException.rethrowAsIOException(UnixException.java:102) ~[na:1.8.0_221]
	at sun.nio.fs.UnixException.rethrowAsIOException(UnixException.java:107) ~[na:1.8.0_221]
	at sun.nio.fs.UnixFileSystemProvider.implDelete(UnixFileSystemProvider.java:244) ~[na:1.8.0_221]
	at sun.nio.fs.AbstractFileSystemProvider.delete(AbstractFileSystemProvider.java:103) ~[na:1.8.0_221]
	at java.nio.file.Files.delete(Files.java:1126) ~[na:1.8.0_221]
	at org.eclipse.jgit.util.FS$FileStoreAttributeCache.<init>(FS.java:253) ~[org.eclipse.jgit_5.4.0.201906121030-r.jar:5.4.0.201906121030-r]
	at org.eclipse.jgit.util.FS$FileStoreAttributeCache.getFsTimestampResolution(FS.java:211) ~[org.eclipse.jgit_5.4.0.201906121030-r.jar:5.4.0.201906121030-r]
	at org.eclipse.jgit.util.FS.getFsTimerResolution(FS.java:321) [org.eclipse.jgit_5.4.0.201906121030-r.jar:5.4.0.201906121030-r]
	at org.eclipse.jgit.internal.storage.file.FileSnapshot.<init>(FileSnapshot.java:186) [org.eclipse.jgit_5.4.0.201906121030-r.jar:5.4.0.201906121030-r]
	at org.eclipse.jgit.internal.storage.file.FileSnapshot.save(FileSnapshot.java:122) [org.eclipse.jgit_5.4.0.201906121030-r.jar:5.4.0.201906121030-r]
	at org.eclipse.jgit.storage.file.FileBasedConfig.load(FileBasedConfig.java:156) [org.eclipse.jgit_5.4.0.201906121030-r.jar:5.4.0.201906121030-r]
	at org.eclipse.jgit.internal.storage.file.FileRepository.loadRepoConfig(FileRepository.java:267) [org.eclipse.jgit_5.4.0.201906121030-r.jar:5.4.0.201906121030-r]
	at org.eclipse.jgit.internal.storage.file.FileRepository.<init>(FileRepository.java:205) [org.eclipse.jgit_5.4.0.201906121030-r.jar:5.4.0.201906121030-r]
	at org.eclipse.jgit.lib.BaseRepositoryBuilder.build(BaseRepositoryBuilder.java:612) [org.eclipse.jgit_5.4.0.201906121030-r.jar:5.4.0.201906121030-r]
	at org.eclipse.jgit.api.InitCommand.call(InitCommand.java:123) [org.eclipse.jgit_5.4.0.201906121030-r.jar:5.4.0.201906121030-r]
	at org.eclipse.jgit.api.CloneCommand.init(CloneCommand.java:274) [org.eclipse.jgit_5.4.0.201906121030-r.jar:5.4.0.201906121030-r]
	at org.eclipse.jgit.api.CloneCommand.call(CloneCommand.java:195) [org.eclipse.jgit_5.4.0.201906121030-r.jar:5.4.0.201906121030-r]
	at org.eclipse.egit.core.op.CloneOperation.run(CloneOperation.java:180) [org.eclipse.egit.core_5.4.0.201906121030-r.jar:na]
	at org.eclipse.egit.ui.internal.clone.AbstractGitCloneWizard.executeCloneOperation(AbstractGitCloneWizard.java:484) [org.eclipse.egit.ui_5.4.0.201906121030-r.jar:na]
	at org.eclipse.egit.ui.internal.clone.AbstractGitCloneWizard.access$2(AbstractGitCloneWizard.java:477) [org.eclipse.egit.ui_5.4.0.201906121030-r.jar:na]
	at org.eclipse.egit.ui.internal.clone.AbstractGitCloneWizard$6.run(AbstractGitCloneWizard.java:456) [org.eclipse.egit.ui_5.4.0.201906121030-r.jar:na]
	at org.eclipse.core.internal.jobs.Worker.run(Worker.java:63) [org.eclipse.core.jobs_3.10.400.v20190506-1457.jar:na]
2020-04-29 20:19:02,659 [Worker-17: Cloning from https://github.com/k49019219/semi_earpearp.git] WARN  org.eclipse.jgit.util.FS - /Volumes/Samsung_T3/PROGRAMMING/Project_KH/semi_earpearp/.git/.probe-4df547a6-abfd-4b0d-a2c0-78224eb320ac
java.nio.file.NoSuchFileException: /Volumes/Samsung_T3/PROGRAMMING/Project_KH/semi_earpearp/.git/.probe-4df547a6-abfd-4b0d-a2c0-78224eb320ac
	at sun.nio.fs.UnixException.translateToIOException(UnixException.java:86) ~[na:1.8.0_221]
	at sun.nio.fs.UnixException.rethrowAsIOException(UnixException.java:102) ~[na:1.8.0_221]
	at sun.nio.fs.UnixException.rethrowAsIOException(UnixException.java:107) ~[na:1.8.0_221]
	at sun.nio.fs.UnixFileSystemProvider.implDelete(UnixFileSystemProvider.java:244) ~[na:1.8.0_221]
	at sun.nio.fs.AbstractFileSystemProvider.delete(AbstractFileSystemProvider.java:103) ~[na:1.8.0_221]
	at java.nio.file.Files.delete(Files.java:1126) ~[na:1.8.0_221]
	at org.eclipse.jgit.util.FS$FileStoreAttributeCache.<init>(FS.java:253) ~[org.eclipse.jgit_5.4.0.201906121030-r.jar:5.4.0.201906121030-r]
	at org.eclipse.jgit.util.FS$FileStoreAttributeCache.getFsTimestampResolution(FS.java:211) ~[org.eclipse.jgit_5.4.0.201906121030-r.jar:5.4.0.201906121030-r]
	at org.eclipse.jgit.util.FS.getFsTimerResolution(FS.java:321) [org.eclipse.jgit_5.4.0.201906121030-r.jar:5.4.0.201906121030-r]
	at org.eclipse.jgit.internal.storage.file.FileSnapshot.<init>(FileSnapshot.java:186) [org.eclipse.jgit_5.4.0.201906121030-r.jar:5.4.0.201906121030-r]
	at org.eclipse.jgit.internal.storage.file.FileSnapshot.save(FileSnapshot.java:122) [org.eclipse.jgit_5.4.0.201906121030-r.jar:5.4.0.201906121030-r]
	at org.eclipse.jgit.internal.storage.file.RefDirectory.scanRef(RefDirectory.java:1155) [org.eclipse.jgit_5.4.0.201906121030-r.jar:5.4.0.201906121030-r]
	at org.eclipse.jgit.internal.storage.file.RefDirectory.readRef(RefDirectory.java:1125) [org.eclipse.jgit_5.4.0.201906121030-r.jar:5.4.0.201906121030-r]
	at org.eclipse.jgit.internal.storage.file.RefDirectory.newUpdate(RefDirectory.java:624) [org.eclipse.jgit_5.4.0.201906121030-r.jar:5.4.0.201906121030-r]
	at org.eclipse.jgit.internal.storage.file.RefDirectory.newUpdate(RefDirectory.java:1) [org.eclipse.jgit_5.4.0.201906121030-r.jar:5.4.0.201906121030-r]
	at org.eclipse.jgit.lib.Repository.updateRef(Repository.java:427) [org.eclipse.jgit_5.4.0.201906121030-r.jar:5.4.0.201906121030-r]
	at org.eclipse.jgit.lib.Repository.updateRef(Repository.java:408) [org.eclipse.jgit_5.4.0.201906121030-r.jar:5.4.0.201906121030-r]
	at org.eclipse.jgit.internal.storage.file.FileRepository.create(FileRepository.java:300) [org.eclipse.jgit_5.4.0.201906121030-r.jar:5.4.0.201906121030-r]
	at org.eclipse.jgit.api.InitCommand.call(InitCommand.java:125) [org.eclipse.jgit_5.4.0.201906121030-r.jar:5.4.0.201906121030-r]
	at org.eclipse.jgit.api.CloneCommand.init(CloneCommand.java:274) [org.eclipse.jgit_5.4.0.201906121030-r.jar:5.4.0.201906121030-r]
	at org.eclipse.jgit.api.CloneCommand.call(CloneCommand.java:195) [org.eclipse.jgit_5.4.0.201906121030-r.jar:5.4.0.201906121030-r]
	at org.eclipse.egit.core.op.CloneOperation.run(CloneOperation.java:180) [org.eclipse.egit.core_5.4.0.201906121030-r.jar:na]
	at org.eclipse.egit.ui.internal.clone.AbstractGitCloneWizard.executeCloneOperation(AbstractGitCloneWizard.java:484) [org.eclipse.egit.ui_5.4.0.201906121030-r.jar:na]
	at org.eclipse.egit.ui.internal.clone.AbstractGitCloneWizard.access$2(AbstractGitCloneWizard.java:477) [org.eclipse.egit.ui_5.4.0.201906121030-r.jar:na]
	at org.eclipse.egit.ui.internal.clone.AbstractGitCloneWizard$6.run(AbstractGitCloneWizard.java:456) [org.eclipse.egit.ui_5.4.0.201906121030-r.jar:na]
	at org.eclipse.core.internal.jobs.Worker.run(Worker.java:63) [org.eclipse.core.jobs_3.10.400.v20190506-1457.jar:na]
2020-04-29 20:19:05,576 [Worker-17: Cloning from https://github.com/k49019219/semi_earpearp.git] WARN  org.eclipse.jgit.util.FS - /Volumes/Samsung_T3/PROGRAMMING/Project_KH/semi_earpearp/.git/.probe-2362a776-1871-43df-a72c-0a9615892015
java.nio.file.NoSuchFileException: /Volumes/Samsung_T3/PROGRAMMING/Project_KH/semi_earpearp/.git/.probe-2362a776-1871-43df-a72c-0a9615892015
	at sun.nio.fs.UnixException.translateToIOException(UnixException.java:86) ~[na:1.8.0_221]
	at sun.nio.fs.UnixException.rethrowAsIOException(UnixException.java:102) ~[na:1.8.0_221]
	at sun.nio.fs.UnixException.rethrowAsIOException(UnixException.java:107) ~[na:1.8.0_221]
	at sun.nio.fs.UnixFileSystemProvider.implDelete(UnixFileSystemProvider.java:244) ~[na:1.8.0_221]
	at sun.nio.fs.AbstractFileSystemProvider.delete(AbstractFileSystemProvider.java:103) ~[na:1.8.0_221]
	at java.nio.file.Files.delete(Files.java:1126) ~[na:1.8.0_221]
	at org.eclipse.jgit.util.FS$FileStoreAttributeCache.<init>(FS.java:253) ~[org.eclipse.jgit_5.4.0.201906121030-r.jar:5.4.0.201906121030-r]
	at org.eclipse.jgit.util.FS$FileStoreAttributeCache.getFsTimestampResolution(FS.java:211) ~[org.eclipse.jgit_5.4.0.201906121030-r.jar:5.4.0.201906121030-r]
	at org.eclipse.jgit.util.FS.getFsTimerResolution(FS.java:321) [org.eclipse.jgit_5.4.0.201906121030-r.jar:5.4.0.201906121030-r]
	at org.eclipse.jgit.internal.storage.file.FileSnapshot.<init>(FileSnapshot.java:186) [org.eclipse.jgit_5.4.0.201906121030-r.jar:5.4.0.201906121030-r]
	at org.eclipse.jgit.internal.storage.file.FileSnapshot.save(FileSnapshot.java:122) [org.eclipse.jgit_5.4.0.201906121030-r.jar:5.4.0.201906121030-r]
	at org.eclipse.jgit.internal.storage.file.RefDirectory.scanRef(RefDirectory.java:1155) [org.eclipse.jgit_5.4.0.201906121030-r.jar:5.4.0.201906121030-r]
	at org.eclipse.jgit.internal.storage.file.RefDirectory.readRef(RefDirectory.java:1125) [org.eclipse.jgit_5.4.0.201906121030-r.jar:5.4.0.201906121030-r]
	at org.eclipse.jgit.internal.storage.file.RefDirectory.readAndResolve(RefDirectory.java:326) [org.eclipse.jgit_5.4.0.201906121030-r.jar:5.4.0.201906121030-r]
	at org.eclipse.jgit.internal.storage.file.RefDirectory.firstExactRef(RefDirectory.java:380) [org.eclipse.jgit_5.4.0.201906121030-r.jar:5.4.0.201906121030-r]
	at org.eclipse.jgit.lib.RefDatabase.findRef(RefDatabase.java:301) [org.eclipse.jgit_5.4.0.201906121030-r.jar:5.4.0.201906121030-r]
	at org.eclipse.jgit.internal.storage.file.RefDirectoryUpdate.tryLock(RefDirectoryUpdate.java:90) [org.eclipse.jgit_5.4.0.201906121030-r.jar:5.4.0.201906121030-r]
	at org.eclipse.jgit.lib.RefUpdate.link(RefUpdate.java:710) [org.eclipse.jgit_5.4.0.201906121030-r.jar:5.4.0.201906121030-r]
	at org.eclipse.jgit.internal.storage.file.FileRepository.create(FileRepository.java:302) [org.eclipse.jgit_5.4.0.201906121030-r.jar:5.4.0.201906121030-r]
	at org.eclipse.jgit.api.InitCommand.call(InitCommand.java:125) [org.eclipse.jgit_5.4.0.201906121030-r.jar:5.4.0.201906121030-r]
	at org.eclipse.jgit.api.CloneCommand.init(CloneCommand.java:274) [org.eclipse.jgit_5.4.0.201906121030-r.jar:5.4.0.201906121030-r]
	at org.eclipse.jgit.api.CloneCommand.call(CloneCommand.java:195) [org.eclipse.jgit_5.4.0.201906121030-r.jar:5.4.0.201906121030-r]
	at org.eclipse.egit.core.op.CloneOperation.run(CloneOperation.java:180) [org.eclipse.egit.core_5.4.0.201906121030-r.jar:na]
	at org.eclipse.egit.ui.internal.clone.AbstractGitCloneWizard.executeCloneOperation(AbstractGitCloneWizard.java:484) [org.eclipse.egit.ui_5.4.0.201906121030-r.jar:na]
	at org.eclipse.egit.ui.internal.clone.AbstractGitCloneWizard.access$2(AbstractGitCloneWizard.java:477) [org.eclipse.egit.ui_5.4.0.201906121030-r.jar:na]
	at org.eclipse.egit.ui.internal.clone.AbstractGitCloneWizard$6.run(AbstractGitCloneWizard.java:456) [org.eclipse.egit.ui_5.4.0.201906121030-r.jar:na]
	at org.eclipse.core.internal.jobs.Worker.run(Worker.java:63) [org.eclipse.core.jobs_3.10.400.v20190506-1457.jar:na]
2020-04-29 20:23:01,535 [Worker-40: Cloning from https://github.com/k49019219/semi_earpearp.git] WARN  org.eclipse.jgit.util.FS - /Volumes/Samsung_T3/PROGRAMMING/Project_KH/semi_earpearp/.probe-69c0065b-9596-48bd-af2e-7aa6e25f9559
java.nio.file.NoSuchFileException: /Volumes/Samsung_T3/PROGRAMMING/Project_KH/semi_earpearp/.probe-69c0065b-9596-48bd-af2e-7aa6e25f9559
	at sun.nio.fs.UnixException.translateToIOException(UnixException.java:86) ~[na:1.8.0_221]
	at sun.nio.fs.UnixException.rethrowAsIOException(UnixException.java:102) ~[na:1.8.0_221]
	at sun.nio.fs.UnixException.rethrowAsIOException(UnixException.java:107) ~[na:1.8.0_221]
	at sun.nio.fs.UnixFileSystemProvider.implDelete(UnixFileSystemProvider.java:244) ~[na:1.8.0_221]
	at sun.nio.fs.AbstractFileSystemProvider.delete(AbstractFileSystemProvider.java:103) ~[na:1.8.0_221]
	at java.nio.file.Files.delete(Files.java:1126) ~[na:1.8.0_221]
	at org.eclipse.jgit.util.FS$FileStoreAttributeCache.<init>(FS.java:253) ~[org.eclipse.jgit_5.4.0.201906121030-r.jar:5.4.0.201906121030-r]
	at org.eclipse.jgit.util.FS$FileStoreAttributeCache.getFsTimestampResolution(FS.java:211) ~[org.eclipse.jgit_5.4.0.201906121030-r.jar:5.4.0.201906121030-r]
	at org.eclipse.jgit.util.FS.getFsTimerResolution(FS.java:321) [org.eclipse.jgit_5.4.0.201906121030-r.jar:5.4.0.201906121030-r]
	at org.eclipse.jgit.internal.storage.file.FileSnapshot.<init>(FileSnapshot.java:186) [org.eclipse.jgit_5.4.0.201906121030-r.jar:5.4.0.201906121030-r]
	at org.eclipse.jgit.internal.storage.file.FileSnapshot.save(FileSnapshot.java:122) [org.eclipse.jgit_5.4.0.201906121030-r.jar:5.4.0.201906121030-r]
	at org.eclipse.jgit.storage.file.FileBasedConfig.load(FileBasedConfig.java:156) [org.eclipse.jgit_5.4.0.201906121030-r.jar:5.4.0.201906121030-r]
	at org.eclipse.jgit.internal.storage.file.FileRepository.loadRepoConfig(FileRepository.java:267) [org.eclipse.jgit_5.4.0.201906121030-r.jar:5.4.0.201906121030-r]
	at org.eclipse.jgit.internal.storage.file.FileRepository.<init>(FileRepository.java:205) [org.eclipse.jgit_5.4.0.201906121030-r.jar:5.4.0.201906121030-r]
	at org.eclipse.jgit.lib.BaseRepositoryBuilder.build(BaseRepositoryBuilder.java:612) [org.eclipse.jgit_5.4.0.201906121030-r.jar:5.4.0.201906121030-r]
	at org.eclipse.jgit.api.InitCommand.call(InitCommand.java:123) [org.eclipse.jgit_5.4.0.201906121030-r.jar:5.4.0.201906121030-r]
	at org.eclipse.jgit.api.CloneCommand.init(CloneCommand.java:274) [org.eclipse.jgit_5.4.0.201906121030-r.jar:5.4.0.201906121030-r]
	at org.eclipse.jgit.api.CloneCommand.call(CloneCommand.java:195) [org.eclipse.jgit_5.4.0.201906121030-r.jar:5.4.0.201906121030-r]
	at org.eclipse.egit.core.op.CloneOperation.run(CloneOperation.java:180) [org.eclipse.egit.core_5.4.0.201906121030-r.jar:na]
	at org.eclipse.egit.ui.internal.clone.AbstractGitCloneWizard.executeCloneOperation(AbstractGitCloneWizard.java:484) [org.eclipse.egit.ui_5.4.0.201906121030-r.jar:na]
	at org.eclipse.egit.ui.internal.clone.AbstractGitCloneWizard.access$2(AbstractGitCloneWizard.java:477) [org.eclipse.egit.ui_5.4.0.201906121030-r.jar:na]
	at org.eclipse.egit.ui.internal.clone.AbstractGitCloneWizard$6.run(AbstractGitCloneWizard.java:456) [org.eclipse.egit.ui_5.4.0.201906121030-r.jar:na]
	at org.eclipse.core.internal.jobs.Worker.run(Worker.java:63) [org.eclipse.core.jobs_3.10.400.v20190506-1457.jar:na]
2020-04-29 20:23:04,058 [Worker-40: Cloning from https://github.com/k49019219/semi_earpearp.git] WARN  org.eclipse.jgit.util.FS - /Volumes/Samsung_T3/PROGRAMMING/Project_KH/semi_earpearp/.git/.probe-396ac947-7387-4154-93c3-3c06e8c976bc
java.nio.file.NoSuchFileException: /Volumes/Samsung_T3/PROGRAMMING/Project_KH/semi_earpearp/.git/.probe-396ac947-7387-4154-93c3-3c06e8c976bc
	at sun.nio.fs.UnixException.translateToIOException(UnixException.java:86) ~[na:1.8.0_221]
	at sun.nio.fs.UnixException.rethrowAsIOException(UnixException.java:102) ~[na:1.8.0_221]
	at sun.nio.fs.UnixException.rethrowAsIOException(UnixException.java:107) ~[na:1.8.0_221]
	at sun.nio.fs.UnixFileSystemProvider.implDelete(UnixFileSystemProvider.java:244) ~[na:1.8.0_221]
	at sun.nio.fs.AbstractFileSystemProvider.delete(AbstractFileSystemProvider.java:103) ~[na:1.8.0_221]
	at java.nio.file.Files.delete(Files.java:1126) ~[na:1.8.0_221]
	at org.eclipse.jgit.util.FS$FileStoreAttributeCache.<init>(FS.java:253) ~[org.eclipse.jgit_5.4.0.201906121030-r.jar:5.4.0.201906121030-r]
	at org.eclipse.jgit.util.FS$FileStoreAttributeCache.getFsTimestampResolution(FS.java:211) ~[org.eclipse.jgit_5.4.0.201906121030-r.jar:5.4.0.201906121030-r]
	at org.eclipse.jgit.util.FS.getFsTimerResolution(FS.java:321) [org.eclipse.jgit_5.4.0.201906121030-r.jar:5.4.0.201906121030-r]
	at org.eclipse.jgit.internal.storage.file.FileSnapshot.<init>(FileSnapshot.java:186) [org.eclipse.jgit_5.4.0.201906121030-r.jar:5.4.0.201906121030-r]
	at org.eclipse.jgit.internal.storage.file.FileSnapshot.save(FileSnapshot.java:122) [org.eclipse.jgit_5.4.0.201906121030-r.jar:5.4.0.201906121030-r]
	at org.eclipse.jgit.internal.storage.file.RefDirectory.scanRef(RefDirectory.java:1155) [org.eclipse.jgit_5.4.0.201906121030-r.jar:5.4.0.201906121030-r]
	at org.eclipse.jgit.internal.storage.file.RefDirectory.readRef(RefDirectory.java:1125) [org.eclipse.jgit_5.4.0.201906121030-r.jar:5.4.0.201906121030-r]
	at org.eclipse.jgit.internal.storage.file.RefDirectory.newUpdate(RefDirectory.java:624) [org.eclipse.jgit_5.4.0.201906121030-r.jar:5.4.0.201906121030-r]
	at org.eclipse.jgit.internal.storage.file.RefDirectory.newUpdate(RefDirectory.java:1) [org.eclipse.jgit_5.4.0.201906121030-r.jar:5.4.0.201906121030-r]
	at org.eclipse.jgit.lib.Repository.updateRef(Repository.java:427) [org.eclipse.jgit_5.4.0.201906121030-r.jar:5.4.0.201906121030-r]
	at org.eclipse.jgit.lib.Repository.updateRef(Repository.java:408) [org.eclipse.jgit_5.4.0.201906121030-r.jar:5.4.0.201906121030-r]
	at org.eclipse.jgit.internal.storage.file.FileRepository.create(FileRepository.java:300) [org.eclipse.jgit_5.4.0.201906121030-r.jar:5.4.0.201906121030-r]
	at org.eclipse.jgit.api.InitCommand.call(InitCommand.java:125) [org.eclipse.jgit_5.4.0.201906121030-r.jar:5.4.0.201906121030-r]
	at org.eclipse.jgit.api.CloneCommand.init(CloneCommand.java:274) [org.eclipse.jgit_5.4.0.201906121030-r.jar:5.4.0.201906121030-r]
	at org.eclipse.jgit.api.CloneCommand.call(CloneCommand.java:195) [org.eclipse.jgit_5.4.0.201906121030-r.jar:5.4.0.201906121030-r]
	at org.eclipse.egit.core.op.CloneOperation.run(CloneOperation.java:180) [org.eclipse.egit.core_5.4.0.201906121030-r.jar:na]
	at org.eclipse.egit.ui.internal.clone.AbstractGitCloneWizard.executeCloneOperation(AbstractGitCloneWizard.java:484) [org.eclipse.egit.ui_5.4.0.201906121030-r.jar:na]
	at org.eclipse.egit.ui.internal.clone.AbstractGitCloneWizard.access$2(AbstractGitCloneWizard.java:477) [org.eclipse.egit.ui_5.4.0.201906121030-r.jar:na]
	at org.eclipse.egit.ui.internal.clone.AbstractGitCloneWizard$6.run(AbstractGitCloneWizard.java:456) [org.eclipse.egit.ui_5.4.0.201906121030-r.jar:na]
	at org.eclipse.core.internal.jobs.Worker.run(Worker.java:63) [org.eclipse.core.jobs_3.10.400.v20190506-1457.jar:na]
2020-04-29 20:23:07,247 [Worker-40: Cloning from https://github.com/k49019219/semi_earpearp.git] WARN  org.eclipse.jgit.util.FS - /Volumes/Samsung_T3/PROGRAMMING/Project_KH/semi_earpearp/.git/.probe-d94f08d0-a703-4492-a7f6-dbe801b94d3c
java.nio.file.NoSuchFileException: /Volumes/Samsung_T3/PROGRAMMING/Project_KH/semi_earpearp/.git/.probe-d94f08d0-a703-4492-a7f6-dbe801b94d3c
	at sun.nio.fs.UnixException.translateToIOException(UnixException.java:86) ~[na:1.8.0_221]
	at sun.nio.fs.UnixException.rethrowAsIOException(UnixException.java:102) ~[na:1.8.0_221]
	at sun.nio.fs.UnixException.rethrowAsIOException(UnixException.java:107) ~[na:1.8.0_221]
	at sun.nio.fs.UnixFileSystemProvider.implDelete(UnixFileSystemProvider.java:244) ~[na:1.8.0_221]
	at sun.nio.fs.AbstractFileSystemProvider.delete(AbstractFileSystemProvider.java:103) ~[na:1.8.0_221]
	at java.nio.file.Files.delete(Files.java:1126) ~[na:1.8.0_221]
	at org.eclipse.jgit.util.FS$FileStoreAttributeCache.<init>(FS.java:253) ~[org.eclipse.jgit_5.4.0.201906121030-r.jar:5.4.0.201906121030-r]
	at org.eclipse.jgit.util.FS$FileStoreAttributeCache.getFsTimestampResolution(FS.java:211) ~[org.eclipse.jgit_5.4.0.201906121030-r.jar:5.4.0.201906121030-r]
	at org.eclipse.jgit.util.FS.getFsTimerResolution(FS.java:321) [org.eclipse.jgit_5.4.0.201906121030-r.jar:5.4.0.201906121030-r]
	at org.eclipse.jgit.internal.storage.file.FileSnapshot.<init>(FileSnapshot.java:186) [org.eclipse.jgit_5.4.0.201906121030-r.jar:5.4.0.201906121030-r]
	at org.eclipse.jgit.internal.storage.file.FileSnapshot.save(FileSnapshot.java:122) [org.eclipse.jgit_5.4.0.201906121030-r.jar:5.4.0.201906121030-r]
	at org.eclipse.jgit.internal.storage.file.RefDirectory.scanRef(RefDirectory.java:1155) [org.eclipse.jgit_5.4.0.201906121030-r.jar:5.4.0.201906121030-r]
	at org.eclipse.jgit.internal.storage.file.RefDirectory.readRef(RefDirectory.java:1125) [org.eclipse.jgit_5.4.0.201906121030-r.jar:5.4.0.201906121030-r]
	at org.eclipse.jgit.internal.storage.file.RefDirectory.readAndResolve(RefDirectory.java:326) [org.eclipse.jgit_5.4.0.201906121030-r.jar:5.4.0.201906121030-r]
	at org.eclipse.jgit.internal.storage.file.RefDirectory.firstExactRef(RefDirectory.java:380) [org.eclipse.jgit_5.4.0.201906121030-r.jar:5.4.0.201906121030-r]
	at org.eclipse.jgit.lib.RefDatabase.findRef(RefDatabase.java:301) [org.eclipse.jgit_5.4.0.201906121030-r.jar:5.4.0.201906121030-r]
	at org.eclipse.jgit.internal.storage.file.RefDirectoryUpdate.tryLock(RefDirectoryUpdate.java:90) [org.eclipse.jgit_5.4.0.201906121030-r.jar:5.4.0.201906121030-r]
	at org.eclipse.jgit.lib.RefUpdate.link(RefUpdate.java:710) [org.eclipse.jgit_5.4.0.201906121030-r.jar:5.4.0.201906121030-r]
	at org.eclipse.jgit.internal.storage.file.FileRepository.create(FileRepository.java:302) [org.eclipse.jgit_5.4.0.201906121030-r.jar:5.4.0.201906121030-r]
	at org.eclipse.jgit.api.InitCommand.call(InitCommand.java:125) [org.eclipse.jgit_5.4.0.201906121030-r.jar:5.4.0.201906121030-r]
	at org.eclipse.jgit.api.CloneCommand.init(CloneCommand.java:274) [org.eclipse.jgit_5.4.0.201906121030-r.jar:5.4.0.201906121030-r]
	at org.eclipse.jgit.api.CloneCommand.call(CloneCommand.java:195) [org.eclipse.jgit_5.4.0.201906121030-r.jar:5.4.0.201906121030-r]
	at org.eclipse.egit.core.op.CloneOperation.run(CloneOperation.java:180) [org.eclipse.egit.core_5.4.0.201906121030-r.jar:na]
	at org.eclipse.egit.ui.internal.clone.AbstractGitCloneWizard.executeCloneOperation(AbstractGitCloneWizard.java:484) [org.eclipse.egit.ui_5.4.0.201906121030-r.jar:na]
	at org.eclipse.egit.ui.internal.clone.AbstractGitCloneWizard.access$2(AbstractGitCloneWizard.java:477) [org.eclipse.egit.ui_5.4.0.201906121030-r.jar:na]
	at org.eclipse.egit.ui.internal.clone.AbstractGitCloneWizard$6.run(AbstractGitCloneWizard.java:456) [org.eclipse.egit.ui_5.4.0.201906121030-r.jar:na]
	at org.eclipse.core.internal.jobs.Worker.run(Worker.java:63) [org.eclipse.core.jobs_3.10.400.v20190506-1457.jar:na]
2020-04-29 20:30:32,160 [Worker-29: Cloning from https://github.com/k49019219/semi_earpearp.git] WARN  org.eclipse.jgit.util.FS - /Volumes/Samsung_T3/PROGRAMMING/Project_KH/semi_earpearp/.probe-4c813123-b424-4f47-bf51-e2de723a82bf
java.nio.file.NoSuchFileException: /Volumes/Samsung_T3/PROGRAMMING/Project_KH/semi_earpearp/.probe-4c813123-b424-4f47-bf51-e2de723a82bf
	at sun.nio.fs.UnixException.translateToIOException(UnixException.java:86) ~[na:1.8.0_221]
	at sun.nio.fs.UnixException.rethrowAsIOException(UnixException.java:102) ~[na:1.8.0_221]
	at sun.nio.fs.UnixException.rethrowAsIOException(UnixException.java:107) ~[na:1.8.0_221]
	at sun.nio.fs.UnixFileSystemProvider.implDelete(UnixFileSystemProvider.java:244) ~[na:1.8.0_221]
	at sun.nio.fs.AbstractFileSystemProvider.delete(AbstractFileSystemProvider.java:103) ~[na:1.8.0_221]
	at java.nio.file.Files.delete(Files.java:1126) ~[na:1.8.0_221]
	at org.eclipse.jgit.util.FS$FileStoreAttributeCache.<init>(FS.java:253) ~[org.eclipse.jgit_5.4.0.201906121030-r.jar:5.4.0.201906121030-r]
	at org.eclipse.jgit.util.FS$FileStoreAttributeCache.getFsTimestampResolution(FS.java:211) ~[org.eclipse.jgit_5.4.0.201906121030-r.jar:5.4.0.201906121030-r]
	at org.eclipse.jgit.util.FS.getFsTimerResolution(FS.java:321) [org.eclipse.jgit_5.4.0.201906121030-r.jar:5.4.0.201906121030-r]
	at org.eclipse.jgit.internal.storage.file.FileSnapshot.<init>(FileSnapshot.java:186) [org.eclipse.jgit_5.4.0.201906121030-r.jar:5.4.0.201906121030-r]
	at org.eclipse.jgit.internal.storage.file.FileSnapshot.save(FileSnapshot.java:122) [org.eclipse.jgit_5.4.0.201906121030-r.jar:5.4.0.201906121030-r]
	at org.eclipse.jgit.storage.file.FileBasedConfig.load(FileBasedConfig.java:156) [org.eclipse.jgit_5.4.0.201906121030-r.jar:5.4.0.201906121030-r]
	at org.eclipse.jgit.internal.storage.file.FileRepository.loadRepoConfig(FileRepository.java:267) [org.eclipse.jgit_5.4.0.201906121030-r.jar:5.4.0.201906121030-r]
	at org.eclipse.jgit.internal.storage.file.FileRepository.<init>(FileRepository.java:205) [org.eclipse.jgit_5.4.0.201906121030-r.jar:5.4.0.201906121030-r]
	at org.eclipse.jgit.lib.BaseRepositoryBuilder.build(BaseRepositoryBuilder.java:612) [org.eclipse.jgit_5.4.0.201906121030-r.jar:5.4.0.201906121030-r]
	at org.eclipse.jgit.api.InitCommand.call(InitCommand.java:123) [org.eclipse.jgit_5.4.0.201906121030-r.jar:5.4.0.201906121030-r]
	at org.eclipse.jgit.api.CloneCommand.init(CloneCommand.java:274) [org.eclipse.jgit_5.4.0.201906121030-r.jar:5.4.0.201906121030-r]
	at org.eclipse.jgit.api.CloneCommand.call(CloneCommand.java:195) [org.eclipse.jgit_5.4.0.201906121030-r.jar:5.4.0.201906121030-r]
	at org.eclipse.egit.core.op.CloneOperation.run(CloneOperation.java:180) [org.eclipse.egit.core_5.4.0.201906121030-r.jar:na]
	at org.eclipse.egit.ui.internal.clone.AbstractGitCloneWizard.executeCloneOperation(AbstractGitCloneWizard.java:484) [org.eclipse.egit.ui_5.4.0.201906121030-r.jar:na]
	at org.eclipse.egit.ui.internal.clone.AbstractGitCloneWizard.access$2(AbstractGitCloneWizard.java:477) [org.eclipse.egit.ui_5.4.0.201906121030-r.jar:na]
	at org.eclipse.egit.ui.internal.clone.AbstractGitCloneWizard$6.run(AbstractGitCloneWizard.java:456) [org.eclipse.egit.ui_5.4.0.201906121030-r.jar:na]
	at org.eclipse.core.internal.jobs.Worker.run(Worker.java:63) [org.eclipse.core.jobs_3.10.400.v20190506-1457.jar:na]
2020-04-29 20:30:35,065 [Worker-29: Cloning from https://github.com/k49019219/semi_earpearp.git] WARN  org.eclipse.jgit.util.FS - /Volumes/Samsung_T3/PROGRAMMING/Project_KH/semi_earpearp/.git/.probe-36f9eb99-5299-4640-9b61-077d7c528147
java.nio.file.NoSuchFileException: /Volumes/Samsung_T3/PROGRAMMING/Project_KH/semi_earpearp/.git/.probe-36f9eb99-5299-4640-9b61-077d7c528147
	at sun.nio.fs.UnixException.translateToIOException(UnixException.java:86) ~[na:1.8.0_221]
	at sun.nio.fs.UnixException.rethrowAsIOException(UnixException.java:102) ~[na:1.8.0_221]
	at sun.nio.fs.UnixException.rethrowAsIOException(UnixException.java:107) ~[na:1.8.0_221]
	at sun.nio.fs.UnixFileSystemProvider.implDelete(UnixFileSystemProvider.java:244) ~[na:1.8.0_221]
	at sun.nio.fs.AbstractFileSystemProvider.delete(AbstractFileSystemProvider.java:103) ~[na:1.8.0_221]
	at java.nio.file.Files.delete(Files.java:1126) ~[na:1.8.0_221]
	at org.eclipse.jgit.util.FS$FileStoreAttributeCache.<init>(FS.java:253) ~[org.eclipse.jgit_5.4.0.201906121030-r.jar:5.4.0.201906121030-r]
	at org.eclipse.jgit.util.FS$FileStoreAttributeCache.getFsTimestampResolution(FS.java:211) ~[org.eclipse.jgit_5.4.0.201906121030-r.jar:5.4.0.201906121030-r]
	at org.eclipse.jgit.util.FS.getFsTimerResolution(FS.java:321) [org.eclipse.jgit_5.4.0.201906121030-r.jar:5.4.0.201906121030-r]
	at org.eclipse.jgit.internal.storage.file.FileSnapshot.<init>(FileSnapshot.java:186) [org.eclipse.jgit_5.4.0.201906121030-r.jar:5.4.0.201906121030-r]
	at org.eclipse.jgit.internal.storage.file.FileSnapshot.save(FileSnapshot.java:122) [org.eclipse.jgit_5.4.0.201906121030-r.jar:5.4.0.201906121030-r]
	at org.eclipse.jgit.internal.storage.file.RefDirectory.scanRef(RefDirectory.java:1155) [org.eclipse.jgit_5.4.0.201906121030-r.jar:5.4.0.201906121030-r]
	at org.eclipse.jgit.internal.storage.file.RefDirectory.readRef(RefDirectory.java:1125) [org.eclipse.jgit_5.4.0.201906121030-r.jar:5.4.0.201906121030-r]
	at org.eclipse.jgit.internal.storage.file.RefDirectory.newUpdate(RefDirectory.java:624) [org.eclipse.jgit_5.4.0.201906121030-r.jar:5.4.0.201906121030-r]
	at org.eclipse.jgit.internal.storage.file.RefDirectory.newUpdate(RefDirectory.java:1) [org.eclipse.jgit_5.4.0.201906121030-r.jar:5.4.0.201906121030-r]
	at org.eclipse.jgit.lib.Repository.updateRef(Repository.java:427) [org.eclipse.jgit_5.4.0.201906121030-r.jar:5.4.0.201906121030-r]
	at org.eclipse.jgit.lib.Repository.updateRef(Repository.java:408) [org.eclipse.jgit_5.4.0.201906121030-r.jar:5.4.0.201906121030-r]
	at org.eclipse.jgit.internal.storage.file.FileRepository.create(FileRepository.java:300) [org.eclipse.jgit_5.4.0.201906121030-r.jar:5.4.0.201906121030-r]
	at org.eclipse.jgit.api.InitCommand.call(InitCommand.java:125) [org.eclipse.jgit_5.4.0.201906121030-r.jar:5.4.0.201906121030-r]
	at org.eclipse.jgit.api.CloneCommand.init(CloneCommand.java:274) [org.eclipse.jgit_5.4.0.201906121030-r.jar:5.4.0.201906121030-r]
	at org.eclipse.jgit.api.CloneCommand.call(CloneCommand.java:195) [org.eclipse.jgit_5.4.0.201906121030-r.jar:5.4.0.201906121030-r]
	at org.eclipse.egit.core.op.CloneOperation.run(CloneOperation.java:180) [org.eclipse.egit.core_5.4.0.201906121030-r.jar:na]
	at org.eclipse.egit.ui.internal.clone.AbstractGitCloneWizard.executeCloneOperation(AbstractGitCloneWizard.java:484) [org.eclipse.egit.ui_5.4.0.201906121030-r.jar:na]
	at org.eclipse.egit.ui.internal.clone.AbstractGitCloneWizard.access$2(AbstractGitCloneWizard.java:477) [org.eclipse.egit.ui_5.4.0.201906121030-r.jar:na]
	at org.eclipse.egit.ui.internal.clone.AbstractGitCloneWizard$6.run(AbstractGitCloneWizard.java:456) [org.eclipse.egit.ui_5.4.0.201906121030-r.jar:na]
	at org.eclipse.core.internal.jobs.Worker.run(Worker.java:63) [org.eclipse.core.jobs_3.10.400.v20190506-1457.jar:na]
2020-04-29 20:30:37,816 [Worker-29: Cloning from https://github.com/k49019219/semi_earpearp.git] WARN  org.eclipse.jgit.util.FS - /Volumes/Samsung_T3/PROGRAMMING/Project_KH/semi_earpearp/.git/.probe-abcac4f4-2d4e-4dbb-b94f-54fcef2bde68
java.nio.file.NoSuchFileException: /Volumes/Samsung_T3/PROGRAMMING/Project_KH/semi_earpearp/.git/.probe-abcac4f4-2d4e-4dbb-b94f-54fcef2bde68
	at sun.nio.fs.UnixException.translateToIOException(UnixException.java:86) ~[na:1.8.0_221]
	at sun.nio.fs.UnixException.rethrowAsIOException(UnixException.java:102) ~[na:1.8.0_221]
	at sun.nio.fs.UnixException.rethrowAsIOException(UnixException.java:107) ~[na:1.8.0_221]
	at sun.nio.fs.UnixFileSystemProvider.implDelete(UnixFileSystemProvider.java:244) ~[na:1.8.0_221]
	at sun.nio.fs.AbstractFileSystemProvider.delete(AbstractFileSystemProvider.java:103) ~[na:1.8.0_221]
	at java.nio.file.Files.delete(Files.java:1126) ~[na:1.8.0_221]
	at org.eclipse.jgit.util.FS$FileStoreAttributeCache.<init>(FS.java:253) ~[org.eclipse.jgit_5.4.0.201906121030-r.jar:5.4.0.201906121030-r]
	at org.eclipse.jgit.util.FS$FileStoreAttributeCache.getFsTimestampResolution(FS.java:211) ~[org.eclipse.jgit_5.4.0.201906121030-r.jar:5.4.0.201906121030-r]
	at org.eclipse.jgit.util.FS.getFsTimerResolution(FS.java:321) [org.eclipse.jgit_5.4.0.201906121030-r.jar:5.4.0.201906121030-r]
	at org.eclipse.jgit.internal.storage.file.FileSnapshot.<init>(FileSnapshot.java:186) [org.eclipse.jgit_5.4.0.201906121030-r.jar:5.4.0.201906121030-r]
	at org.eclipse.jgit.internal.storage.file.FileSnapshot.save(FileSnapshot.java:122) [org.eclipse.jgit_5.4.0.201906121030-r.jar:5.4.0.201906121030-r]
	at org.eclipse.jgit.internal.storage.file.RefDirectory.scanRef(RefDirectory.java:1155) [org.eclipse.jgit_5.4.0.201906121030-r.jar:5.4.0.201906121030-r]
	at org.eclipse.jgit.internal.storage.file.RefDirectory.readRef(RefDirectory.java:1125) [org.eclipse.jgit_5.4.0.201906121030-r.jar:5.4.0.201906121030-r]
	at org.eclipse.jgit.internal.storage.file.RefDirectory.readAndResolve(RefDirectory.java:326) [org.eclipse.jgit_5.4.0.201906121030-r.jar:5.4.0.201906121030-r]
	at org.eclipse.jgit.internal.storage.file.RefDirectory.firstExactRef(RefDirectory.java:380) [org.eclipse.jgit_5.4.0.201906121030-r.jar:5.4.0.201906121030-r]
	at org.eclipse.jgit.lib.RefDatabase.findRef(RefDatabase.java:301) [org.eclipse.jgit_5.4.0.201906121030-r.jar:5.4.0.201906121030-r]
	at org.eclipse.jgit.internal.storage.file.RefDirectoryUpdate.tryLock(RefDirectoryUpdate.java:90) [org.eclipse.jgit_5.4.0.201906121030-r.jar:5.4.0.201906121030-r]
	at org.eclipse.jgit.lib.RefUpdate.link(RefUpdate.java:710) [org.eclipse.jgit_5.4.0.201906121030-r.jar:5.4.0.201906121030-r]
	at org.eclipse.jgit.internal.storage.file.FileRepository.create(FileRepository.java:302) [org.eclipse.jgit_5.4.0.201906121030-r.jar:5.4.0.201906121030-r]
	at org.eclipse.jgit.api.InitCommand.call(InitCommand.java:125) [org.eclipse.jgit_5.4.0.201906121030-r.jar:5.4.0.201906121030-r]
	at org.eclipse.jgit.api.CloneCommand.init(CloneCommand.java:274) [org.eclipse.jgit_5.4.0.201906121030-r.jar:5.4.0.201906121030-r]
	at org.eclipse.jgit.api.CloneCommand.call(CloneCommand.java:195) [org.eclipse.jgit_5.4.0.201906121030-r.jar:5.4.0.201906121030-r]
	at org.eclipse.egit.core.op.CloneOperation.run(CloneOperation.java:180) [org.eclipse.egit.core_5.4.0.201906121030-r.jar:na]
	at org.eclipse.egit.ui.internal.clone.AbstractGitCloneWizard.executeCloneOperation(AbstractGitCloneWizard.java:484) [org.eclipse.egit.ui_5.4.0.201906121030-r.jar:na]
	at org.eclipse.egit.ui.internal.clone.AbstractGitCloneWizard.access$2(AbstractGitCloneWizard.java:477) [org.eclipse.egit.ui_5.4.0.201906121030-r.jar:na]
	at org.eclipse.egit.ui.internal.clone.AbstractGitCloneWizard$6.run(AbstractGitCloneWizard.java:456) [org.eclipse.egit.ui_5.4.0.201906121030-r.jar:na]
	at org.eclipse.core.internal.jobs.Worker.run(Worker.java:63) [org.eclipse.core.jobs_3.10.400.v20190506-1457.jar:na]
2020-04-29 20:32:13,339 [Worker-29: Cloning from https://github.com/k49019219/semi_earpearp.git] WARN  org.eclipse.jgit.util.FS - /Volumes/Samsung_T3/PROGRAMMING/Project_KH/semi_earpearp/.probe-1ef2a7b5-4035-4353-861c-e11a4e1dea2f
java.nio.file.NoSuchFileException: /Volumes/Samsung_T3/PROGRAMMING/Project_KH/semi_earpearp/.probe-1ef2a7b5-4035-4353-861c-e11a4e1dea2f
	at sun.nio.fs.UnixException.translateToIOException(UnixException.java:86) ~[na:1.8.0_221]
	at sun.nio.fs.UnixException.rethrowAsIOException(UnixException.java:102) ~[na:1.8.0_221]
	at sun.nio.fs.UnixException.rethrowAsIOException(UnixException.java:107) ~[na:1.8.0_221]
	at sun.nio.fs.UnixFileSystemProvider.implDelete(UnixFileSystemProvider.java:244) ~[na:1.8.0_221]
	at sun.nio.fs.AbstractFileSystemProvider.delete(AbstractFileSystemProvider.java:103) ~[na:1.8.0_221]
	at java.nio.file.Files.delete(Files.java:1126) ~[na:1.8.0_221]
	at org.eclipse.jgit.util.FS$FileStoreAttributeCache.<init>(FS.java:253) ~[org.eclipse.jgit_5.4.0.201906121030-r.jar:5.4.0.201906121030-r]
	at org.eclipse.jgit.util.FS$FileStoreAttributeCache.getFsTimestampResolution(FS.java:211) ~[org.eclipse.jgit_5.4.0.201906121030-r.jar:5.4.0.201906121030-r]
	at org.eclipse.jgit.util.FS.getFsTimerResolution(FS.java:321) [org.eclipse.jgit_5.4.0.201906121030-r.jar:5.4.0.201906121030-r]
	at org.eclipse.jgit.internal.storage.file.FileSnapshot.<init>(FileSnapshot.java:186) [org.eclipse.jgit_5.4.0.201906121030-r.jar:5.4.0.201906121030-r]
	at org.eclipse.jgit.internal.storage.file.FileSnapshot.save(FileSnapshot.java:122) [org.eclipse.jgit_5.4.0.201906121030-r.jar:5.4.0.201906121030-r]
	at org.eclipse.jgit.storage.file.FileBasedConfig.load(FileBasedConfig.java:156) [org.eclipse.jgit_5.4.0.201906121030-r.jar:5.4.0.201906121030-r]
	at org.eclipse.jgit.internal.storage.file.FileRepository.loadRepoConfig(FileRepository.java:267) [org.eclipse.jgit_5.4.0.201906121030-r.jar:5.4.0.201906121030-r]
	at org.eclipse.jgit.internal.storage.file.FileRepository.<init>(FileRepository.java:205) [org.eclipse.jgit_5.4.0.201906121030-r.jar:5.4.0.201906121030-r]
	at org.eclipse.jgit.lib.BaseRepositoryBuilder.build(BaseRepositoryBuilder.java:612) [org.eclipse.jgit_5.4.0.201906121030-r.jar:5.4.0.201906121030-r]
	at org.eclipse.jgit.api.InitCommand.call(InitCommand.java:123) [org.eclipse.jgit_5.4.0.201906121030-r.jar:5.4.0.201906121030-r]
	at org.eclipse.jgit.api.CloneCommand.init(CloneCommand.java:274) [org.eclipse.jgit_5.4.0.201906121030-r.jar:5.4.0.201906121030-r]
	at org.eclipse.jgit.api.CloneCommand.call(CloneCommand.java:195) [org.eclipse.jgit_5.4.0.201906121030-r.jar:5.4.0.201906121030-r]
	at org.eclipse.egit.core.op.CloneOperation.run(CloneOperation.java:180) [org.eclipse.egit.core_5.4.0.201906121030-r.jar:na]
	at org.eclipse.egit.ui.internal.clone.AbstractGitCloneWizard.executeCloneOperation(AbstractGitCloneWizard.java:484) [org.eclipse.egit.ui_5.4.0.201906121030-r.jar:na]
	at org.eclipse.egit.ui.internal.clone.AbstractGitCloneWizard.access$2(AbstractGitCloneWizard.java:477) [org.eclipse.egit.ui_5.4.0.201906121030-r.jar:na]
	at org.eclipse.egit.ui.internal.clone.AbstractGitCloneWizard$6.run(AbstractGitCloneWizard.java:456) [org.eclipse.egit.ui_5.4.0.201906121030-r.jar:na]
	at org.eclipse.core.internal.jobs.Worker.run(Worker.java:63) [org.eclipse.core.jobs_3.10.400.v20190506-1457.jar:na]
2020-04-29 20:32:16,105 [Worker-29: Cloning from https://github.com/k49019219/semi_earpearp.git] WARN  org.eclipse.jgit.util.FS - /Volumes/Samsung_T3/PROGRAMMING/Project_KH/semi_earpearp/.git/.probe-09fd04d1-ce8c-4a44-be88-c0799c800a0c
java.nio.file.NoSuchFileException: /Volumes/Samsung_T3/PROGRAMMING/Project_KH/semi_earpearp/.git/.probe-09fd04d1-ce8c-4a44-be88-c0799c800a0c
	at sun.nio.fs.UnixException.translateToIOException(UnixException.java:86) ~[na:1.8.0_221]
	at sun.nio.fs.UnixException.rethrowAsIOException(UnixException.java:102) ~[na:1.8.0_221]
	at sun.nio.fs.UnixException.rethrowAsIOException(UnixException.java:107) ~[na:1.8.0_221]
	at sun.nio.fs.UnixFileSystemProvider.implDelete(UnixFileSystemProvider.java:244) ~[na:1.8.0_221]
	at sun.nio.fs.AbstractFileSystemProvider.delete(AbstractFileSystemProvider.java:103) ~[na:1.8.0_221]
	at java.nio.file.Files.delete(Files.java:1126) ~[na:1.8.0_221]
	at org.eclipse.jgit.util.FS$FileStoreAttributeCache.<init>(FS.java:253) ~[org.eclipse.jgit_5.4.0.201906121030-r.jar:5.4.0.201906121030-r]
	at org.eclipse.jgit.util.FS$FileStoreAttributeCache.getFsTimestampResolution(FS.java:211) ~[org.eclipse.jgit_5.4.0.201906121030-r.jar:5.4.0.201906121030-r]
	at org.eclipse.jgit.util.FS.getFsTimerResolution(FS.java:321) [org.eclipse.jgit_5.4.0.201906121030-r.jar:5.4.0.201906121030-r]
	at org.eclipse.jgit.internal.storage.file.FileSnapshot.<init>(FileSnapshot.java:186) [org.eclipse.jgit_5.4.0.201906121030-r.jar:5.4.0.201906121030-r]
	at org.eclipse.jgit.internal.storage.file.FileSnapshot.save(FileSnapshot.java:122) [org.eclipse.jgit_5.4.0.201906121030-r.jar:5.4.0.201906121030-r]
	at org.eclipse.jgit.internal.storage.file.RefDirectory.scanRef(RefDirectory.java:1155) [org.eclipse.jgit_5.4.0.201906121030-r.jar:5.4.0.201906121030-r]
	at org.eclipse.jgit.internal.storage.file.RefDirectory.readRef(RefDirectory.java:1125) [org.eclipse.jgit_5.4.0.201906121030-r.jar:5.4.0.201906121030-r]
	at org.eclipse.jgit.internal.storage.file.RefDirectory.newUpdate(RefDirectory.java:624) [org.eclipse.jgit_5.4.0.201906121030-r.jar:5.4.0.201906121030-r]
	at org.eclipse.jgit.internal.storage.file.RefDirectory.newUpdate(RefDirectory.java:1) [org.eclipse.jgit_5.4.0.201906121030-r.jar:5.4.0.201906121030-r]
	at org.eclipse.jgit.lib.Repository.updateRef(Repository.java:427) [org.eclipse.jgit_5.4.0.201906121030-r.jar:5.4.0.201906121030-r]
	at org.eclipse.jgit.lib.Repository.updateRef(Repository.java:408) [org.eclipse.jgit_5.4.0.201906121030-r.jar:5.4.0.201906121030-r]
	at org.eclipse.jgit.internal.storage.file.FileRepository.create(FileRepository.java:300) [org.eclipse.jgit_5.4.0.201906121030-r.jar:5.4.0.201906121030-r]
	at org.eclipse.jgit.api.InitCommand.call(InitCommand.java:125) [org.eclipse.jgit_5.4.0.201906121030-r.jar:5.4.0.201906121030-r]
	at org.eclipse.jgit.api.CloneCommand.init(CloneCommand.java:274) [org.eclipse.jgit_5.4.0.201906121030-r.jar:5.4.0.201906121030-r]
	at org.eclipse.jgit.api.CloneCommand.call(CloneCommand.java:195) [org.eclipse.jgit_5.4.0.201906121030-r.jar:5.4.0.201906121030-r]
	at org.eclipse.egit.core.op.CloneOperation.run(CloneOperation.java:180) [org.eclipse.egit.core_5.4.0.201906121030-r.jar:na]
	at org.eclipse.egit.ui.internal.clone.AbstractGitCloneWizard.executeCloneOperation(AbstractGitCloneWizard.java:484) [org.eclipse.egit.ui_5.4.0.201906121030-r.jar:na]
	at org.eclipse.egit.ui.internal.clone.AbstractGitCloneWizard.access$2(AbstractGitCloneWizard.java:477) [org.eclipse.egit.ui_5.4.0.201906121030-r.jar:na]
	at org.eclipse.egit.ui.internal.clone.AbstractGitCloneWizard$6.run(AbstractGitCloneWizard.java:456) [org.eclipse.egit.ui_5.4.0.201906121030-r.jar:na]
	at org.eclipse.core.internal.jobs.Worker.run(Worker.java:63) [org.eclipse.core.jobs_3.10.400.v20190506-1457.jar:na]
2020-04-29 20:32:18,871 [Worker-29: Cloning from https://github.com/k49019219/semi_earpearp.git] WARN  org.eclipse.jgit.util.FS - /Volumes/Samsung_T3/PROGRAMMING/Project_KH/semi_earpearp/.git/.probe-b759af06-3787-4b8f-b7b5-39cf2e020093
java.nio.file.NoSuchFileException: /Volumes/Samsung_T3/PROGRAMMING/Project_KH/semi_earpearp/.git/.probe-b759af06-3787-4b8f-b7b5-39cf2e020093
	at sun.nio.fs.UnixException.translateToIOException(UnixException.java:86) ~[na:1.8.0_221]
	at sun.nio.fs.UnixException.rethrowAsIOException(UnixException.java:102) ~[na:1.8.0_221]
	at sun.nio.fs.UnixException.rethrowAsIOException(UnixException.java:107) ~[na:1.8.0_221]
	at sun.nio.fs.UnixFileSystemProvider.implDelete(UnixFileSystemProvider.java:244) ~[na:1.8.0_221]
	at sun.nio.fs.AbstractFileSystemProvider.delete(AbstractFileSystemProvider.java:103) ~[na:1.8.0_221]
	at java.nio.file.Files.delete(Files.java:1126) ~[na:1.8.0_221]
	at org.eclipse.jgit.util.FS$FileStoreAttributeCache.<init>(FS.java:253) ~[org.eclipse.jgit_5.4.0.201906121030-r.jar:5.4.0.201906121030-r]
	at org.eclipse.jgit.util.FS$FileStoreAttributeCache.getFsTimestampResolution(FS.java:211) ~[org.eclipse.jgit_5.4.0.201906121030-r.jar:5.4.0.201906121030-r]
	at org.eclipse.jgit.util.FS.getFsTimerResolution(FS.java:321) [org.eclipse.jgit_5.4.0.201906121030-r.jar:5.4.0.201906121030-r]
	at org.eclipse.jgit.internal.storage.file.FileSnapshot.<init>(FileSnapshot.java:186) [org.eclipse.jgit_5.4.0.201906121030-r.jar:5.4.0.201906121030-r]
	at org.eclipse.jgit.internal.storage.file.FileSnapshot.save(FileSnapshot.java:122) [org.eclipse.jgit_5.4.0.201906121030-r.jar:5.4.0.201906121030-r]
	at org.eclipse.jgit.internal.storage.file.RefDirectory.scanRef(RefDirectory.java:1155) [org.eclipse.jgit_5.4.0.201906121030-r.jar:5.4.0.201906121030-r]
	at org.eclipse.jgit.internal.storage.file.RefDirectory.readRef(RefDirectory.java:1125) [org.eclipse.jgit_5.4.0.201906121030-r.jar:5.4.0.201906121030-r]
	at org.eclipse.jgit.internal.storage.file.RefDirectory.readAndResolve(RefDirectory.java:326) [org.eclipse.jgit_5.4.0.201906121030-r.jar:5.4.0.201906121030-r]
	at org.eclipse.jgit.internal.storage.file.RefDirectory.firstExactRef(RefDirectory.java:380) [org.eclipse.jgit_5.4.0.201906121030-r.jar:5.4.0.201906121030-r]
	at org.eclipse.jgit.lib.RefDatabase.findRef(RefDatabase.java:301) [org.eclipse.jgit_5.4.0.201906121030-r.jar:5.4.0.201906121030-r]
	at org.eclipse.jgit.internal.storage.file.RefDirectoryUpdate.tryLock(RefDirectoryUpdate.java:90) [org.eclipse.jgit_5.4.0.201906121030-r.jar:5.4.0.201906121030-r]
	at org.eclipse.jgit.lib.RefUpdate.link(RefUpdate.java:710) [org.eclipse.jgit_5.4.0.201906121030-r.jar:5.4.0.201906121030-r]
	at org.eclipse.jgit.internal.storage.file.FileRepository.create(FileRepository.java:302) [org.eclipse.jgit_5.4.0.201906121030-r.jar:5.4.0.201906121030-r]
	at org.eclipse.jgit.api.InitCommand.call(InitCommand.java:125) [org.eclipse.jgit_5.4.0.201906121030-r.jar:5.4.0.201906121030-r]
	at org.eclipse.jgit.api.CloneCommand.init(CloneCommand.java:274) [org.eclipse.jgit_5.4.0.201906121030-r.jar:5.4.0.201906121030-r]
	at org.eclipse.jgit.api.CloneCommand.call(CloneCommand.java:195) [org.eclipse.jgit_5.4.0.201906121030-r.jar:5.4.0.201906121030-r]
	at org.eclipse.egit.core.op.CloneOperation.run(CloneOperation.java:180) [org.eclipse.egit.core_5.4.0.201906121030-r.jar:na]
	at org.eclipse.egit.ui.internal.clone.AbstractGitCloneWizard.executeCloneOperation(AbstractGitCloneWizard.java:484) [org.eclipse.egit.ui_5.4.0.201906121030-r.jar:na]
	at org.eclipse.egit.ui.internal.clone.AbstractGitCloneWizard.access$2(AbstractGitCloneWizard.java:477) [org.eclipse.egit.ui_5.4.0.201906121030-r.jar:na]
	at org.eclipse.egit.ui.internal.clone.AbstractGitCloneWizard$6.run(AbstractGitCloneWizard.java:456) [org.eclipse.egit.ui_5.4.0.201906121030-r.jar:na]
	at org.eclipse.core.internal.jobs.Worker.run(Worker.java:63) [org.eclipse.core.jobs_3.10.400.v20190506-1457.jar:na]
